<?xml version="1.0" encoding="UTF-8"?>
<testsuite name="team.emplanner.FirstTest" tests="1" skipped="0" failures="0" errors="0" timestamp="2022-06-26T13:50:37" hostname="tin-X553MA" time="50.822">
  <properties/>
  <testcase name="testEmail()" classname="team.emplanner.FirstTest" time="50.822"/>
  <system-out><![CDATA[step 1
FP
Test
]]></system-out>
  <system-err><![CDATA[SLF4J: Failed to load class "org.slf4j.impl.StaticLoggerBinder".
SLF4J: Defaulting to no-operation (NOP) logger implementation
SLF4J: See http://www.slf4j.org/codes.html#StaticLoggerBinder for further details.
1656251439515	geckodriver	INFO	Listening on 127.0.0.1:54468
1656251440298	mozrunner::runner	INFO	Running command: "/usr/bin/firefox" "--marionette" "--remote-debugging-port" "56087" "--remote-allow-hosts" "localhost" "--remote-allow-origins" "http://localhost:56087/" "-no-remote" "-profile" "/tmp/rust_mozprofile2fdN6e"
ATTENTION: default value of option mesa_glthread overridden by environment.
ATTENTION: default value of option mesa_glthread overridden by environment.
ATTENTION: default value of option mesa_glthread overridden by environment.
ATTENTION: default value of option mesa_glthread overridden by environment.
1656251444652	Marionette	INFO	Marionette enabled
WebDriver BiDi listening on ws://localhost:56087
console.warn: SearchSettings: "get: No settings file exists, new profile?" (new NotFoundError("Could not open the file at /tmp/rust_mozprofile2fdN6e/search.json.mozlz4", (void 0)))
Missing chrome or resource URL: resource://gre/modules/UpdateListener.jsm
1656251452382	Marionette	INFO	Listening on port 34619
Read port: 34619
1656251452494	RemoteAgent	WARN	TLS certificate errors will be ignored for this session
DevTools listening on ws://localhost:56087/devtools/browser/b4823855-e287-4f2d-bc6d-ebd63f880994
июн. 26, 2022 4:50:52 PM org.openqa.selenium.remote.ProtocolHandshake createSession
INFO: Detected upstream dialect: W3C
console.warn: LoginRecipes: "getRecipes: falling back to a synchronous message for:" "https://sandy.emplanner.team"
console.warn: LoginRecipes: "getRecipes: falling back to a synchronous message for:" "https://sandy.emplanner.team"
JavaScript error: resource://gre/modules/LoginManagerParent.jsm, line 136: TypeError: gRecipeManager is null
console.warn: LoginRecipes: "getRecipes: falling back to a synchronous message for:" "https://sandy.emplanner.team"
JavaScript error: resource://gre/modules/LoginManagerParent.jsm, line 136: TypeError: gRecipeManager is null
console.warn: LoginRecipes: "getRecipes: falling back to a synchronous message for:" "https://sandy.emplanner.team"
JavaScript error: resource://gre/modules/LoginManagerParent.jsm, line 136: TypeError: gRecipeManager is null
console.warn: LoginRecipes: "getRecipes: falling back to a synchronous message for:" "https://sandy.emplanner.team"
JavaScript error: resource://gre/modules/LoginManagerParent.jsm, line 136: TypeError: gRecipeManager is null
1656251486651	Marionette	INFO	Stopped listening on port 34619
Missing chrome or resource URL: resource://gre/modules/UpdateListener.jsm
console.error: "Error during quit-application-granted: [Exception... \"File error: Not found\"  nsresult: \"0x80520012 (NS_ERROR_FILE_NOT_FOUND)\"  location: \"JS frame :: resource:///modules/BrowserGlue.jsm :: _onQuitApplicationGranted/tasks< :: line 1969\"  data: no]"
console.warn: LoginRecipes: "getRecipes: falling back to a synchronous message for:" "https://sandy.emplanner.team"
JavaScript error: resource://gre/modules/LoginManagerParent.jsm, line 136: TypeError: gRecipeManager is null
]]></system-err>
</testsuite>
